<?xml version="1.0" encoding="UTF-8"?>
<!-- Generated by org.testng.reporters.JUnitReportReporter -->
<testsuite hostname="DESKTOP-M0E3QT7" failures="0" tests="4" name="tests.UserTestsExcel" time="8.299" errors="0" timestamp="2023-06-27T19:40:21 IST" skipped="0">
  <testcase classname="tests.UserTestsExcel" name="createUserMain" time="1.368"/>
  <system-out/>
  <testcase classname="tests.UserTestsExcel" name="createUserMain" time="4.201"/>
  <system-out/>
  <testcase classname="tests.UserTestsExcel" name="createUserMain" time="1.417"/>
  <system-out/>
  <testcase classname="tests.UserTestsExcel" name="getUserMain" time="1.313"/>
  <system-out/>
</testsuite> <!-- tests.UserTestsExcel -->
