<?xml version="1.0" encoding="UTF-8"?>
<!-- Generated by org.testng.reporters.JUnitReportReporter -->
<testsuite hostname="DESKTOP-M0E3QT7" failures="0" tests="3" name="utilities.ExcelUtility" time="0.015" errors="0" timestamp="2023-06-27T19:30:26 IST" skipped="0">
  <testcase classname="utilities.ExcelUtility" name="test1" time="0.000"/>
  <system-out/>
  <testcase classname="utilities.ExcelUtility" name="test1" time="0.014"/>
  <system-out/>
  <testcase classname="utilities.ExcelUtility" name="test1" time="0.001"/>
  <system-out/>
</testsuite> <!-- utilities.ExcelUtility -->
