<?xml version="1.0" encoding="UTF-8"?>
<!-- Generated by org.testng.reporters.JUnitReportReporter -->
<testsuite hostname="DESKTOP-M0E3QT7" failures="0" tests="4" name="tests.UserTestsPropertyFile" time="8.056" errors="0" timestamp="2023-06-28T17:26:03 IST" skipped="0">
  <testcase classname="tests.UserTestsPropertyFile" name="createUserMain" time="4.098"/>
  <system-out/>
  <testcase classname="tests.UserTestsPropertyFile" name="getUserMain" time="1.341"/>
  <system-out/>
  <testcase classname="tests.UserTestsPropertyFile" name="updateUserMain" time="1.315"/>
  <system-out/>
  <testcase classname="tests.UserTestsPropertyFile" name="deleteUserMain" time="1.302"/>
  <system-out/>
</testsuite> <!-- tests.UserTestsPropertyFile -->
